<?xml version="1.0" encoding="UTF-8"?>
<!-- Generated by org.testng.reporters.JUnitReportReporter -->
<testsuite name="com.AutomationProject.testScripts.LoginTest" tests="1" time="154.878" ignored="0" failures="0" timestamp="30 Sep 2018 15:31:52 GMT" skipped="0" hostname="1-PC" errors="0">
  <testcase name="testValidLogin" time="154.878" classname="com.AutomationProject.testScripts.LoginTest"/>
</testsuite> <!-- com.AutomationProject.testScripts.LoginTest -->
