<?xml version="1.0" encoding="UTF-8"?>
<!-- Generated by org.testng.reporters.JUnitReportReporter -->
<testsuite name="com.AutomationProject.testScripts.RegistrationTest" tests="1" time="45.064" ignored="0" failures="0" timestamp="30 Sep 2018 16:51:02 GMT" skipped="0" hostname="1-PC" errors="0">
  <testcase name="testRegistration" time="45.064" classname="com.AutomationProject.testScripts.RegistrationTest"/>
</testsuite> <!-- com.AutomationProject.testScripts.RegistrationTest -->
