<?xml version="1.0" encoding="UTF-8"?>
<!-- Generated by org.testng.reporters.JUnitReportReporter -->
<testsuite name="com.AutomationProjectInDetail.testScript.LoginTest" tests="1" time="27.784" ignored="0" failures="0" timestamp="06 Oct 2018 09:41:16 GMT" skipped="0" hostname="1-PC" errors="0">
  <testcase name="testLoginToApplication" time="27.784" classname="com.AutomationProjectInDetail.testScript.LoginTest"/>
</testsuite> <!-- com.AutomationProjectInDetail.testScript.LoginTest -->
