<?xml version="1.0" encoding="UTF-8"?>
<!-- Generated by org.testng.reporters.JUnitReportReporter -->
<testsuite name="com.AutomationProject.testScripts.TillProceedPage" tests="1" time="266.955" ignored="0" failures="0" timestamp="30 Sep 2018 15:36:45 GMT" skipped="0" hostname="1-PC" errors="0">
  <testcase name="testPgaTillPayment" time="266.955" classname="com.AutomationProject.testScripts.TillProceedPage"/>
</testsuite> <!-- com.AutomationProject.testScripts.TillProceedPage -->
